#
# There is insufficient memory for the Java Runtime Environment to continue.
# Native memory allocation (mmap) failed to map 52428800 bytes for committing reserved memory.
# Possible reasons:
#   The system is out of physical RAM or swap space
#   The process is running with CompressedOops enabled, and the Java Heap may be blocking the growth of the native heap
# Possible solutions:
#   Reduce memory load on the system
#   Increase physical memory or swap space
#   Check if swap backing store is full
#   Decrease Java heap size (-Xmx/-Xms)
#   Decrease number of Java threads
#   Decrease Java thread stack sizes (-Xss)
#   Set larger code cache with -XX:ReservedCodeCacheSize=
#   JVM is running with Unscaled Compressed Oops mode in which the Java heap is
#     placed in the first 4GB address space. The Java Heap base address is the
#     maximum limit for the native heap growth. Please use -XX:HeapBaseMinAddress
#     to set the Java Heap base and to place the Java Heap above 4GB virtual address.
# This output file may be truncated or incomplete.
#
#  Out of Memory Error (os_linux.cpp:2706), pid=20584, tid=20614
#
# JRE version: OpenJDK Runtime Environment (10.0.2+13) (build 10.0.2+13-Ubuntu-1ubuntu0.18.04.1)
# Java VM: OpenJDK 64-Bit Server VM (10.0.2+13-Ubuntu-1ubuntu0.18.04.1, mixed mode, tiered, compressed oops, serial gc, linux-amd64)
# No core dump will be written. Core dumps have been disabled. To enable core dumping, try "ulimit -c unlimited" before starting Java again
#

---------------  S U M M A R Y ------------

Command Line: -Dproc_jar -Djava.net.preferIPv4Stack=true -Dyarn.log.dir=/usr/local/hadoop/logs -Dyarn.log.file=hadoop.log -Dyarn.home.dir=/usr/local/hadoop -Dyarn.root.logger=INFO,console -Djava.library.path=/usr/local/hadoop/lib/native -Dhadoop.log.dir=/usr/local/hadoop/logs -Dhadoop.log.file=hadoop.log -Dhadoop.home.dir=/usr/local/hadoop -Dhadoop.id.str=nets212 -Dhadoop.root.logger=INFO,console -Dhadoop.policy.file=hadoop-policy.xml -Dhadoop.security.logger=INFO,NullAppender -Xmx2048m org.apache.hadoop.util.RunJar adsorption.jar edu.upenn.nets212.hw3.AdsorptionDriver composite input output iterm1 interm2 diffDir 1

Host: Intel(R) Core(TM) i5-5350U CPU @ 1.80GHz, 1 cores, 1G, Ubuntu 18.04.1 LTS
Time: Sun Dec 16 18:19:15 2018 EST elapsed time: 17 seconds (0d 0h 0m 17s)

---------------  T H R E A D  ---------------

Current thread (0x00007f4c68085000):  VMThread "VM Thread" [stack: 0x00007f4c6c692000,0x00007f4c6c792000] [id=20614]

Stack: [0x00007f4c6c692000,0x00007f4c6c792000],  sp=0x00007f4c6c790320,  free space=1016k
Native frames: (J=compiled Java code, A=aot compiled Java code, j=interpreted, Vv=VM code, C=native code)
V  [libjvm.so+0xd27e04]
V  [libjvm.so+0xd289ab]
V  [libjvm.so+0x64d415]
V  [libjvm.so+0xb2d5d2]
V  [libjvm.so+0xb25caf]
V  [libjvm.so+0xd1fc17]
V  [libjvm.so+0x652cef]
V  [libjvm.so+0x7936bd]
V  [libjvm.so+0x5d7778]
V  [libjvm.so+0xd2906f]
V  [libjvm.so+0xd387d1]
V  [libjvm.so+0xd35a9b]
V  [libjvm.so+0xd370be]
V  [libjvm.so+0xd374e8]
V  [libjvm.so+0xb33ca0]

VM_Operation (0x00007f4c4d194300): GenCollectForAllocation, mode: safepoint, requested by thread 0x00007f4c6957f000


---------------  P R O C E S S  ---------------

Threads class SMR info:
_java_thread_list=0x00007f4c68d866c0, length=17, elements={
0x00007f4c68015800, 0x00007f4c6808f000, 0x00007f4c68091000, 0x00007f4c680a4800,
0x00007f4c680a6800, 0x00007f4c680a8800, 0x00007f4c680ab000, 0x00007f4c68120000,
0x00007f4c68128000, 0x00007f4c6900d800, 0x00007f4c69156000, 0x00007f4c69355800,
0x000055e3d40e8800, 0x00007f4c48494800, 0x00007f4c6957e000, 0x00007f4c6957f000,
0x000055e3d40df000
}

Java Threads: ( => current thread )
  0x00007f4c68015800 JavaThread "main" [_thread_blocked, id=20613, stack(0x00007f4c71497000,0x00007f4c71598000)]
  0x00007f4c6808f000 JavaThread "Reference Handler" daemon [_thread_blocked, id=20615, stack(0x00007f4c6c58f000,0x00007f4c6c690000)]
  0x00007f4c68091000 JavaThread "Finalizer" daemon [_thread_blocked, id=20616, stack(0x00007f4c6c48e000,0x00007f4c6c58f000)]
  0x00007f4c680a4800 JavaThread "Signal Dispatcher" daemon [_thread_blocked, id=20617, stack(0x00007f4c6c0af000,0x00007f4c6c1b0000)]
  0x00007f4c680a6800 JavaThread "C2 CompilerThread0" daemon [_thread_blocked, id=20618, stack(0x00007f4c4fa25000,0x00007f4c4fb26000)]
  0x00007f4c680a8800 JavaThread "C1 CompilerThread1" daemon [_thread_blocked, id=20619, stack(0x00007f4c4f924000,0x00007f4c4fa25000)]
  0x00007f4c680ab000 JavaThread "Sweeper thread" daemon [_thread_blocked, id=20620, stack(0x00007f4c4f823000,0x00007f4c4f924000)]
  0x00007f4c68120000 JavaThread "Service Thread" daemon [_thread_blocked, id=20621, stack(0x00007f4c4f722000,0x00007f4c4f823000)]
  0x00007f4c68128000 JavaThread "Common-Cleaner" daemon [_thread_blocked, id=20623, stack(0x00007f4c4f51f000,0x00007f4c4f620000)]
  0x00007f4c6900d800 JavaThread "process reaper" daemon [_thread_blocked, id=20625, stack(0x00007f4c713b5000,0x00007f4c713d7000)]
  0x00007f4c69156000 JavaThread "org.apache.hadoop.fs.FileSystem$Statistics$StatisticsDataReferenceCleaner" daemon [_thread_blocked, id=20627, stack(0x00007f4c4e5e9000,0x00007f4c4e6ea000)]
  0x00007f4c69355800 JavaThread "Timer for 'JobTracker' metrics system" daemon [_thread_blocked, id=20628, stack(0x00007f4c4d8c4000,0x00007f4c4d9c5000)]
  0x000055e3d40e8800 JavaThread "Readahead Thread #0" daemon [_thread_blocked, id=20645, stack(0x00007f4c4c98e000,0x00007f4c4ca8f000)]
  0x00007f4c48494800 JavaThread "Readahead Thread #1" daemon [_thread_blocked, id=20646, stack(0x00007f4c4ca8f000,0x00007f4c4cb90000)]
  0x00007f4c6957e000 JavaThread "Thread-13" [_thread_blocked, id=20650, stack(0x00007f4c4d196000,0x00007f4c4d297000)]
  0x00007f4c6957f000 JavaThread "LocalJobRunner Map Task Executor #0" [_thread_blocked, id=20651, stack(0x00007f4c4d095000,0x00007f4c4d196000)]
  0x000055e3d40df000 JavaThread "communication thread" daemon [_thread_blocked, id=20652, stack(0x00007f4c4cf94000,0x00007f4c4d095000)]

Other Threads:
=>0x00007f4c68085000 VMThread "VM Thread" [stack: 0x00007f4c6c692000,0x00007f4c6c792000] [id=20614]
  0x00007f4c68122000 WatcherThread [stack: 0x00007f4c4f622000,0x00007f4c4f722000] [id=20622]

Threads with active compile tasks:
C2 CompilerThread02452       4       java.lang.String::<init> (74 bytes)

VM state:at safepoint (normal execution)

VM Mutex/Monitor currently owned by a thread:  ([mutex/lock_event])
[0x00007f4c680118c0] ExpandHeap_lock - owner thread: 0x00007f4c68085000
[0x00007f4c68012010] Threads_lock - owner thread: 0x00007f4c68085000
[0x00007f4c680125b0] Heap_lock - owner thread: 0x00007f4c6957f000

Heap address: 0x0000000080000000, size: 2048 MB, Compressed Oops mode: 32-bit
Narrow klass base: 0x0000000000000000, Narrow klass shift: 3
Compressed class space size: 1073741824 Address: 0x0000000100000000

Heap:
 def new generation   total 11904K, used 0K [0x0000000080000000, 0x0000000080ce0000, 0x00000000aaaa0000)
  eden space 10624K,   0% used [0x0000000080000000, 0x0000000080000000, 0x0000000080a60000)
  from space 1280K,   0% used [0x0000000080a60000, 0x0000000080a60000, 0x0000000080ba0000)
  to   space 1280K,   0% used [0x0000000080ba0000, 0x0000000080ba0000, 0x0000000080ce0000)
 tenured generation   total 128736K, used 16528K [0x00000000aaaa0000, 0x00000000b2858000, 0x0000000100000000)
   the space 128736K,  12% used [0x00000000aaaa0000, 0x00000000abac43b8, 0x00000000abac4400, 0x00000000b2858000)
 Metaspace       used 28964K, capacity 29507K, committed 30080K, reserved 1077248K
  class space    used 2900K, capacity 3124K, committed 3200K, reserved 1048576K

Card table byte_map: [0x00007f4c6d2b3000,0x00007f4c6d6b4000] byte_map_base: 0x00007f4c6ceb3000

Polling page: 0x00007f4c715a9000

CodeHeap 'non-profiled nmethods': size=120036Kb used=996Kb max_used=1021Kb free=119039Kb
 bounds [0x00007f4c575ed000, 0x00007f4c5785d000, 0x00007f4c5eb26000]
CodeHeap 'profiled nmethods': size=120032Kb used=3986Kb max_used=4534Kb free=116045Kb
 bounds [0x00007f4c500b5000, 0x00007f4c50535000, 0x00007f4c575ed000]
CodeHeap 'non-nmethods': size=5692Kb used=1213Kb max_used=1231Kb free=4479Kb
 bounds [0x00007f4c4fb26000, 0x00007f4c4fd96000, 0x00007f4c500b5000]
 total_blobs=3545 nmethods=2182 adapters=509
 compilation: enabled

Compilation events (10 events):
Event: 17.345 Thread 0x00007f4c680a8800 2457       3       java.util.HashSet::size (8 bytes)
Event: 17.345 Thread 0x00007f4c680a8800 nmethod 2457 0x00007f4c500f4290 code [0x00007f4c500f4460, 0x00007f4c500f4688]
Event: 17.591 Thread 0x00007f4c680a8800 2458       3       java.security.AccessControlContext::combine (205 bytes)
Event: 17.600 Thread 0x00007f4c680a8800 nmethod 2458 0x00007f4c500fbe10 code [0x00007f4c500fc040, 0x00007f4c500fcb58]
Event: 17.634 Thread 0x00007f4c680a8800 2459       3       java.util.regex.Pattern$Node::study (21 bytes)
Event: 17.635 Thread 0x00007f4c680a8800 nmethod 2459 0x00007f4c500f3d90 code [0x00007f4c500f3f60, 0x00007f4c500f41c8]
Event: 17.640 Thread 0x00007f4c680a8800 2460       3       javax.security.auth.Subject$ClassSet::populateSet (201 bytes)
Event: 17.640 Thread 0x00007f4c680a8800 nmethod 2460 0x00007f4c5010bd90 code [0x00007f4c5010c060, 0x00007f4c5010ce18]
Event: 17.647 Thread 0x00007f4c680a8800 2461       3       java.util.regex.Pattern::isSupplementary (20 bytes)
Event: 17.648 Thread 0x00007f4c680a8800 nmethod 2461 0x00007f4c500f3810 code [0x00007f4c500f39e0, 0x00007f4c500f3cb0]

GC Heap History (10 events):
Event: 7.031 GC heap after
{Heap after GC invocations=13 (full 1):
 def new generation   total 9920K, used 165K [0x0000000080000000, 0x0000000080ac0000, 0x00000000aaaa0000)
  eden space 8832K,   0% used [0x0000000080000000, 0x0000000080000000, 0x00000000808a0000)
  from space 1088K,  15% used [0x00000000809b0000, 0x00000000809d94e8, 0x0000000080ac0000)
  to   space 1088K,   0% used [0x00000000808a0000, 0x00000000808a0000, 0x00000000809b0000)
 tenured generation   total 21888K, used 15498K [0x00000000aaaa0000, 0x00000000ac000000, 0x0000000100000000)
   the space 21888K,  70% used [0x00000000aaaa0000, 0x00000000ab9c2bd8, 0x00000000ab9c2c00, 0x00000000ac000000)
 Metaspace       used 27265K, capacity 27758K, committed 28288K, reserved 1075200K
  class space    used 2719K, capacity 2925K, committed 2944K, reserved 1048576K
}
Event: 7.400 GC heap before
{Heap before GC invocations=13 (full 1):
 def new generation   total 9920K, used 7515K [0x0000000080000000, 0x0000000080ac0000, 0x00000000aaaa0000)
  eden space 8832K,  83% used [0x0000000080000000, 0x000000008072d898, 0x00000000808a0000)
  from space 1088K,  15% used [0x00000000809b0000, 0x00000000809d94e8, 0x0000000080ac0000)
  to   space 1088K,   0% used [0x00000000808a0000, 0x00000000808a0000, 0x00000000809b0000)
 tenured generation   total 21888K, used 15498K [0x00000000aaaa0000, 0x00000000ac000000, 0x0000000100000000)
   the space 21888K,  70% used [0x00000000aaaa0000, 0x00000000ab9c2bd8, 0x00000000ab9c2c00, 0x00000000ac000000)
 Metaspace       used 27954K, capacity 28473K, committed 28928K, reserved 1075200K
  class space    used 2789K, capacity 2993K, committed 3072K, reserved 1048576K
}
Event: 7.433 GC heap after
{Heap after GC invocations=14 (full 2):
 def new generation   total 11904K, used 0K [0x0000000080000000, 0x0000000080ce0000, 0x00000000aaaa0000)
  eden space 10624K,   0% used [0x0000000080000000, 0x0000000080000000, 0x0000000080a60000)
  from space 1280K,   0% used [0x0000000080a60000, 0x0000000080a60000, 0x0000000080ba0000)
  to   space 1280K,   0% used [0x0000000080ba0000, 0x0000000080ba0000, 0x0000000080ce0000)
 tenured generation   total 26332K, used 15797K [0x00000000aaaa0000, 0x00000000ac457000, 0x0000000100000000)
   the space 26332K,  59% used [0x00000000aaaa0000, 0x00000000aba0d598, 0x00000000aba0d600, 0x00000000ac457000)
 Metaspace       used 27954K, capacity 28473K, committed 28928K, reserved 1075200K
  class space    used 2789K, capacity 2993K, committed 3072K, reserved 1048576K
}
Event: 13.679 GC heap before
{Heap before GC invocations=14 (full 2):
 def new generation   total 11904K, used 10624K [0x0000000080000000, 0x0000000080ce0000, 0x00000000aaaa0000)
  eden space 10624K, 100% used [0x0000000080000000, 0x0000000080a60000, 0x0000000080a60000)
  from space 1280K,   0% used [0x0000000080a60000, 0x0000000080a60000, 0x0000000080ba0000)
  to   space 1280K,   0% used [0x0000000080ba0000, 0x0000000080ba0000, 0x0000000080ce0000)
 tenured generation   total 128736K, used 118197K [0x00000000aaaa0000, 0x00000000b2858000, 0x0000000100000000)
   the space 128736K,  91% used [0x00000000aaaa0000, 0x00000000b1e0d5a8, 0x00000000b1e0d600, 0x00000000b2858000)
 Metaspace       used 28852K, capacity 29376K, committed 29824K, reserved 1075200K
  class space    used 2894K, capacity 3122K, committed 3200K, reserved 1048576K
}
Event: 13.697 GC heap after
{Heap after GC invocations=15 (full 2):
 def new generation   total 11904K, used 291K [0x0000000080000000, 0x0000000080ce0000, 0x00000000aaaa0000)
  eden space 10624K,   0% used [0x0000000080000000, 0x0000000080000000, 0x0000000080a60000)
  from space 1280K,  22% used [0x0000000080ba0000, 0x0000000080be8c18, 0x0000000080ce0000)
  to   space 1280K,   0% used [0x0000000080a60000, 0x0000000080a60000, 0x0000000080ba0000)
 tenured generation   total 128736K, used 118197K [0x00000000aaaa0000, 0x00000000b2858000, 0x0000000100000000)
   the space 128736K,  91% used [0x00000000aaaa0000, 0x00000000b1e0d5a8, 0x00000000b1e0d600, 0x00000000b2858000)
 Metaspace       used 28852K, capacity 29376K, committed 29824K, reserved 1075200K
  class space    used 2894K, capacity 3122K, committed 3200K, reserved 1048576K
}
Event: 14.113 GC heap before
{Heap before GC invocations=15 (full 2):
 def new generation   total 11904K, used 10915K [0x0000000080000000, 0x0000000080ce0000, 0x00000000aaaa0000)
  eden space 10624K, 100% used [0x0000000080000000, 0x0000000080a60000, 0x0000000080a60000)
  from space 1280K,  22% used [0x0000000080ba0000, 0x0000000080be8c18, 0x0000000080ce0000)
  to   space 1280K,   0% used [0x0000000080a60000, 0x0000000080a60000, 0x0000000080ba0000)
 tenured generation   total 128736K, used 118197K [0x00000000aaaa0000, 0x00000000b2858000, 0x0000000100000000)
   the space 128736K,  91% used [0x00000000aaaa0000, 0x00000000b1e0d5a8, 0x00000000b1e0d600, 0x00000000b2858000)
 Metaspace       used 28938K, capacity 29507K, committed 30080K, reserved 1077248K
  class space    used 2900K, capacity 3124K, committed 3200K, reserved 1048576K
}
Event: 14.141 GC heap after
{Heap after GC invocations=16 (full 2):
 def new generation   total 11904K, used 1246K [0x0000000080000000, 0x0000000080ce0000, 0x00000000aaaa0000)
  eden space 10624K,   0% used [0x0000000080000000, 0x0000000080000000, 0x0000000080a60000)
  from space 1280K,  97% used [0x0000000080a60000, 0x0000000080b978b8, 0x0000000080ba0000)
  to   space 1280K,   0% used [0x0000000080ba0000, 0x0000000080ba0000, 0x0000000080ce0000)
 tenured generation   total 128736K, used 118197K [0x00000000aaaa0000, 0x00000000b2858000, 0x0000000100000000)
   the space 128736K,  91% used [0x00000000aaaa0000, 0x00000000b1e0d5a8, 0x00000000b1e0d600, 0x00000000b2858000)
 Metaspace       used 28938K, capacity 29507K, committed 30080K, reserved 1077248K
  class space    used 2900K, capacity 3124K, committed 3200K, reserved 1048576K
}
Event: 16.689 GC heap before
{Heap before GC invocations=16 (full 2):
 def new generation   total 11904K, used 11870K [0x0000000080000000, 0x0000000080ce0000, 0x00000000aaaa0000)
  eden space 10624K, 100% used [0x0000000080000000, 0x0000000080a60000, 0x0000000080a60000)
  from space 1280K,  97% used [0x0000000080a60000, 0x0000000080b978b8, 0x0000000080ba0000)
  to   space 1280K,   0% used [0x0000000080ba0000, 0x0000000080ba0000, 0x0000000080ce0000)
 tenured generation   total 128736K, used 118197K [0x00000000aaaa0000, 0x00000000b2858000, 0x0000000100000000)
   the space 128736K,  91% used [0x00000000aaaa0000, 0x00000000b1e0d5a8, 0x00000000b1e0d600, 0x00000000b2858000)
 Metaspace       used 28944K, capacity 29507K, committed 30080K, reserved 1077248K
  class space    used 2900K, capacity 3124K, committed 3200K, reserved 1048576K
}
Event: 16.710 GC heap after
{Heap after GC invocations=17 (full 2):
 def new generation   total 11904K, used 952K [0x0000000080000000, 0x0000000080ce0000, 0x00000000aaaa0000)
  eden space 10624K,   0% used [0x0000000080000000, 0x0000000080000000, 0x0000000080a60000)
  from space 1280K,  74% used [0x0000000080ba0000, 0x0000000080c8e398, 0x0000000080ce0000)
  to   space 1280K,   0% used [0x0000000080a60000, 0x0000000080a60000, 0x0000000080ba0000)
 tenured generation   total 128736K, used 118714K [0x00000000aaaa0000, 0x00000000b2858000, 0x0000000100000000)
   the space 128736K,  92% used [0x00000000aaaa0000, 0x00000000b1e8e928, 0x00000000b1e8ea00, 0x00000000b2858000)
 Metaspace       used 28944K, capacity 29507K, committed 30080K, reserved 1077248K
  class space    used 2900K, capacity 3124K, committed 3200K, reserved 1048576K
}
Event: 17.656 GC heap before
{Heap before GC invocations=17 (full 2):
 def new generation   total 11904K, used 5581K [0x0000000080000000, 0x0000000080ce0000, 0x00000000aaaa0000)
  eden space 10624K,  43% used [0x0000000080000000, 0x0000000080485340, 0x0000000080a60000)
  from space 1280K,  74% used [0x0000000080ba0000, 0x0000000080c8e398, 0x0000000080ce0000)
  to   space 1280K,   0% used [0x0000000080a60000, 0x0000000080a60000, 0x0000000080ba0000)
 tenured generation   total 128736K, used 118714K [0x00000000aaaa0000, 0x00000000b2858000, 0x0000000100000000)
   the space 128736K,  92% used [0x00000000aaaa0000, 0x00000000b1e8e928, 0x00000000b1e8ea00, 0x00000000b2858000)
 Metaspace       used 28964K, capacity 29507K, committed 30080K, reserved 1077248K
  class space    used 2900K, capacity 3124K, committed 3200K, reserved 1048576K
}

Deoptimization events (10 events):
Event: 5.173 Thread 0x00007f4c68015800 Uncommon trap: reason=unstable_if action=reinterpret pc=0x00007f4c57665a44 method=java.lang.StringLatin1.indexOf([BII)I @ 13 c2
Event: 5.209 Thread 0x00007f4c68015800 Uncommon trap: reason=unstable_if action=reinterpret pc=0x00007f4c5761d450 method=java.lang.String.isLatin1()Z @ 10 c2
Event: 5.209 Thread 0x00007f4c68015800 Uncommon trap: reason=unstable_if action=reinterpret pc=0x00007f4c57608cf8 method=java.lang.String.isLatin1()Z @ 10 c2
Event: 5.786 Thread 0x00007f4c68015800 Uncommon trap: reason=unstable_if action=reinterpret pc=0x00007f4c576965e8 method=java.util.HashMap.putVal(ILjava/lang/Object;Ljava/lang/Object;ZZ)Ljava/lang/Object; @ 162 c2
Event: 6.368 Thread 0x00007f4c68015800 Uncommon trap: reason=unstable_if action=reinterpret pc=0x00007f4c57697774 method=java.lang.StringLatin1.compareToCI([B[B)I @ 68 c2
Event: 6.703 Thread 0x00007f4c68015800 Uncommon trap: reason=unstable_if action=reinterpret pc=0x00007f4c5767c234 method=org.apache.hadoop.conf.Configuration$Parser.handleEndProperty()V @ 31 c2
Event: 10.629 Thread 0x000055e3d40df000 Uncommon trap: reason=unstable_if action=reinterpret pc=0x00007f4c57691fcc method=sun.net.www.ParseUtil.firstEncodeIndex(Ljava/lang/String;)I @ 85 c2
Event: 10.631 Thread 0x000055e3d40df000 Uncommon trap: reason=unstable_if action=reinterpret pc=0x00007f4c57668fe4 method=sun.net.www.ParseUtil.firstEncodeIndex(Ljava/lang/String;)I @ 85 c2
Event: 13.865 Thread 0x00007f4c68015800 Uncommon trap: reason=unstable_if action=reinterpret pc=0x00007f4c576cbc7c method=com.sun.org.apache.xerces.internal.dom.NodeImpl.isOwned()Z @ 7 c2
Event: 15.479 Thread 0x00007f4c68015800 Uncommon trap: reason=intrinsic_or_type_checked_inlining action=make_not_entrant pc=0x00007f4c576e7784 method=java.util.ArrayList.toArray([Ljava/lang/Object;)[Ljava/lang/Object; @ 36 c2

Classes redefined (0 events):
No events

Internal exceptions (10 events):
Event: 6.180 Thread 0x00007f4c68015800 Exception <a 'java/lang/NoSuchMethodError'{0x0000000080649400}: java.lang.invoke.DelegatingMethodHandle$Holder.reinvoke_L(Ljava/lang/Object;IILjava/lang/Object;Ljava/lang/Object;Ljava/lang/Object;)Ljava/lang/Object;> (0x0000000080649400) thrown at [/build
Event: 6.180 Thread 0x00007f4c68015800 Exception <a 'java/lang/NoSuchMethodError'{0x000000008064d678}: java.lang.invoke.DirectMethodHandle$Holder.invokeStatic(Ljava/lang/Object;Ljava/lang/Object;Ljava/lang/Object;Ljava/lang/Object;I)Ljava/lang/Object;> (0x000000008064d678) thrown at [/build/op
Event: 6.183 Thread 0x00007f4c68015800 Exception <a 'java/lang/NoSuchMethodError'{0x0000000080662b30}: method resolution failed> (0x0000000080662b30) thrown at [/build/openjdk-lts-_stSEe/openjdk-lts-10.0.2+13/src/hotspot/share/prims/methodHandles.cpp, line 1226]
Event: 6.185 Thread 0x00007f4c68015800 Exception <a 'java/lang/NoSuchMethodError'{0x0000000080678f20}: method resolution failed> (0x0000000080678f20) thrown at [/build/openjdk-lts-_stSEe/openjdk-lts-10.0.2+13/src/hotspot/share/prims/methodHandles.cpp, line 1226]
Event: 6.187 Thread 0x00007f4c68015800 Exception <a 'java/lang/NoSuchMethodError'{0x0000000080690fb0}: method resolution failed> (0x0000000080690fb0) thrown at [/build/openjdk-lts-_stSEe/openjdk-lts-10.0.2+13/src/hotspot/share/prims/methodHandles.cpp, line 1226]
Event: 6.188 Thread 0x00007f4c68015800 Exception <a 'java/lang/NoSuchMethodError'{0x00000000806aa680}: method resolution failed> (0x00000000806aa680) thrown at [/build/openjdk-lts-_stSEe/openjdk-lts-10.0.2+13/src/hotspot/share/prims/methodHandles.cpp, line 1226]
Event: 6.352 Thread 0x00007f4c68015800 Exception <a 'java/lang/ClassNotFoundException'{0x0000000080823f20}: com/sun/org/apache/xml/internal/serializer/spi/XMLEntitiesProvider> (0x0000000080823f20) thrown at [/build/openjdk-lts-_stSEe/openjdk-lts-10.0.2+13/src/hotspot/share/classfile/systemDict
Event: 11.650 Thread 0x00007f4c483f3000 Exception <a 'java/lang/InterruptedException'{0x0000000080582820}: sleep interrupted> (0x0000000080582820) thrown at [/build/openjdk-lts-_stSEe/openjdk-lts-10.0.2+13/src/hotspot/share/prims/jvm.cpp, line 3062]
Event: 11.666 Thread 0x00007f4c483f2000 Exception <a 'java/lang/InterruptedException'{0x00000000807becd8}> (0x00000000807becd8) thrown at [/build/openjdk-lts-_stSEe/openjdk-lts-10.0.2+13/src/hotspot/share/runtime/objectMonitor.cpp, line 1631]
Event: 11.668 Thread 0x00007f4c48470800 Exception <a 'java/lang/InterruptedException'{0x00000000807d0848}> (0x00000000807d0848) thrown at [/build/openjdk-lts-_stSEe/openjdk-lts-10.0.2+13/src/hotspot/share/runtime/objectMonitor.cpp, line 1631]

Events (10 events):
Event: 17.323 Thread 0x000055e3d40df000 Thread added: 0x000055e3d40df000
Event: 17.324 Executing VM operation: RevokeBias
Event: 17.344 Executing VM operation: RevokeBias done
Event: 17.580 Executing VM operation: RevokeBias
Event: 17.584 Executing VM operation: RevokeBias done
Event: 17.584 Executing VM operation: RevokeBias
Event: 17.585 Executing VM operation: RevokeBias done
Event: 17.636 Executing VM operation: RevokeBias
Event: 17.636 Executing VM operation: RevokeBias done
Event: 17.652 Executing VM operation: GenCollectForAllocation


Dynamic libraries:
80000000-80ce0000 rw-p 00000000 00:00 0 
83ee0000-aaaa0000 ---p 00000000 00:00 0 
aaaa0000-b2858000 rw-p 00000000 00:00 0 
b2858000-100000000 ---p 00000000 00:00 0 
100000000-100320000 rw-p 00000000 00:00 0 
100320000-140000000 ---p 00000000 00:00 0 
55e3d35ec000-55e3d35ed000 r-xp 00000000 08:01 403631                     /usr/lib/jvm/java-11-openjdk-amd64/bin/java
55e3d37ed000-55e3d37ee000 r--p 00001000 08:01 403631                     /usr/lib/jvm/java-11-openjdk-amd64/bin/java
55e3d37ee000-55e3d37ef000 rw-p 00002000 08:01 403631                     /usr/lib/jvm/java-11-openjdk-amd64/bin/java
55e3d409e000-55e3d4101000 rw-p 00000000 00:00 0                          [heap]
7f4c40000000-7f4c40040000 rw-p 00000000 00:00 0 
7f4c40040000-7f4c44000000 ---p 00000000 00:00 0 
7f4c48000000-7f4c48f48000 rw-p 00000000 00:00 0 
7f4c48f48000-7f4c4c000000 ---p 00000000 00:00 0 
7f4c4c78e000-7f4c4c7ce000 rw-p 00000000 00:00 0 
7f4c4c7ce000-7f4c4c98e000 ---p 00000000 00:00 0 
7f4c4c98e000-7f4c4c992000 ---p 00000000 00:00 0 
7f4c4c992000-7f4c4ca8f000 rw-p 00000000 00:00 0 
7f4c4ca8f000-7f4c4ca93000 ---p 00000000 00:00 0 
7f4c4ca93000-7f4c4cb90000 rw-p 00000000 00:00 0 
7f4c4cb90000-7f4c4cb94000 ---p 00000000 00:00 0 
7f4c4cb94000-7f4c4cc91000 rw-p 00000000 00:00 0 
7f4c4cc91000-7f4c4cc95000 ---p 00000000 00:00 0 
7f4c4cc95000-7f4c4cd92000 rw-p 00000000 00:00 0 
7f4c4cd92000-7f4c4cd96000 ---p 00000000 00:00 0 
7f4c4cd96000-7f4c4ce93000 rw-p 00000000 00:00 0 
7f4c4ce93000-7f4c4ce97000 ---p 00000000 00:00 0 
7f4c4ce97000-7f4c4cf94000 rw-p 00000000 00:00 0 
7f4c4cf94000-7f4c4cf98000 ---p 00000000 00:00 0 
7f4c4cf98000-7f4c4d095000 rw-p 00000000 00:00 0 
7f4c4d095000-7f4c4d099000 ---p 00000000 00:00 0 
7f4c4d099000-7f4c4d196000 rw-p 00000000 00:00 0 
7f4c4d196000-7f4c4d19a000 ---p 00000000 00:00 0 
7f4c4d19a000-7f4c4d497000 rw-p 00000000 00:00 0 
7f4c4d497000-7f4c4d697000 rw-p 00000000 00:00 0 
7f4c4d697000-7f4c4d6bf000 r-xp 00000000 08:01 403802                     /usr/lib/jvm/java-11-openjdk-amd64/lib/libsunec.so
7f4c4d6bf000-7f4c4d8bf000 ---p 00028000 08:01 403802                     /usr/lib/jvm/java-11-openjdk-amd64/lib/libsunec.so
7f4c4d8bf000-7f4c4d8c3000 r--p 00028000 08:01 403802                     /usr/lib/jvm/java-11-openjdk-amd64/lib/libsunec.so
7f4c4d8c3000-7f4c4d8c4000 rw-p 0002c000 08:01 403802                     /usr/lib/jvm/java-11-openjdk-amd64/lib/libsunec.so
7f4c4d8c4000-7f4c4d8c8000 ---p 00000000 00:00 0 
7f4c4d8c8000-7f4c4dbc5000 rw-p 00000000 00:00 0 
7f4c4dbc5000-7f4c4ddc5000 rw-p 00000000 00:00 0 
7f4c4ddc5000-7f4c4dfc5000 rw-p 00000000 00:00 0 
7f4c4dfc5000-7f4c4e1c5000 rw-p 00000000 00:00 0 
7f4c4e1c5000-7f4c4e1c6000 r-xp 00000000 08:01 403783                     /usr/lib/jvm/java-11-openjdk-amd64/lib/libjaas_unix.so
7f4c4e1c6000-7f4c4e3c5000 ---p 00001000 08:01 403783                     /usr/lib/jvm/java-11-openjdk-amd64/lib/libjaas_unix.so
7f4c4e3c5000-7f4c4e3c6000 r--p 00000000 08:01 403783                     /usr/lib/jvm/java-11-openjdk-amd64/lib/libjaas_unix.so
7f4c4e3c6000-7f4c4e3c7000 rw-p 00001000 08:01 403783                     /usr/lib/jvm/java-11-openjdk-amd64/lib/libjaas_unix.so
7f4c4e3c7000-7f4c4e3e8000 r-xp 00000000 08:01 810508                     /usr/local/hadoop/lib/native/libhadoop.so.1.0.0
7f4c4e3e8000-7f4c4e5e7000 ---p 00021000 08:01 810508                     /usr/local/hadoop/lib/native/libhadoop.so.1.0.0
7f4c4e5e7000-7f4c4e5e8000 r--p 00020000 08:01 810508                     /usr/local/hadoop/lib/native/libhadoop.so.1.0.0
7f4c4e5e8000-7f4c4e5e9000 rw-p 00021000 08:01 810508                     /usr/local/hadoop/lib/native/libhadoop.so.1.0.0
7f4c4e5e9000-7f4c4e5ed000 ---p 00000000 00:00 0 
7f4c4e5ed000-7f4c4e8ea000 rw-p 00000000 00:00 0 
7f4c4e8ea000-7f4c4e8ef000 r-xp 00000000 08:01 403794                     /usr/lib/jvm/java-11-openjdk-amd64/lib/libmanagement_ext.so
7f4c4e8ef000-7f4c4eaee000 ---p 00005000 08:01 403794                     /usr/lib/jvm/java-11-openjdk-amd64/lib/libmanagement_ext.so
7f4c4eaee000-7f4c4eaef000 r--p 00004000 08:01 403794                     /usr/lib/jvm/java-11-openjdk-amd64/lib/libmanagement_ext.so
7f4c4eaef000-7f4c4eaf0000 rw-p 00005000 08:01 403794                     /usr/lib/jvm/java-11-openjdk-amd64/lib/libmanagement_ext.so
7f4c4eaf0000-7f4c4eaf4000 r-xp 00000000 08:01 403792                     /usr/lib/jvm/java-11-openjdk-amd64/lib/libmanagement.so
7f4c4eaf4000-7f4c4ecf3000 ---p 00004000 08:01 403792                     /usr/lib/jvm/java-11-openjdk-amd64/lib/libmanagement.so
7f4c4ecf3000-7f4c4ecf4000 r--p 00003000 08:01 403792                     /usr/lib/jvm/java-11-openjdk-amd64/lib/libmanagement.so
7f4c4ecf4000-7f4c4ecf5000 rw-p 00004000 08:01 403792                     /usr/lib/jvm/java-11-openjdk-amd64/lib/libmanagement.so
7f4c4ecf5000-7f4c4eef5000 rw-p 00000000 00:00 0 
7f4c4eef5000-7f4c4f0f5000 rw-p 00000000 00:00 0 
7f4c4f0f5000-7f4c4f10c000 r-xp 00000000 08:01 403796                     /usr/lib/jvm/java-11-openjdk-amd64/lib/libnet.so
7f4c4f10c000-7f4c4f30b000 ---p 00017000 08:01 403796                     /usr/lib/jvm/java-11-openjdk-amd64/lib/libnet.so
7f4c4f30b000-7f4c4f30c000 r--p 00016000 08:01 403796                     /usr/lib/jvm/java-11-openjdk-amd64/lib/libnet.so
7f4c4f30c000-7f4c4f30d000 rw-p 00017000 08:01 403796                     /usr/lib/jvm/java-11-openjdk-amd64/lib/libnet.so
7f4c4f30d000-7f4c4f31e000 r-xp 00000000 08:01 403797                     /usr/lib/jvm/java-11-openjdk-amd64/lib/libnio.so
7f4c4f31e000-7f4c4f51d000 ---p 00011000 08:01 403797                     /usr/lib/jvm/java-11-openjdk-amd64/lib/libnio.so
7f4c4f51d000-7f4c4f51e000 r--p 00010000 08:01 403797                     /usr/lib/jvm/java-11-openjdk-amd64/lib/libnio.so
7f4c4f51e000-7f4c4f51f000 rw-p 00011000 08:01 403797                     /usr/lib/jvm/java-11-openjdk-amd64/lib/libnio.so
7f4c4f51f000-7f4c4f523000 ---p 00000000 00:00 0 
7f4c4f523000-7f4c4f620000 rw-p 00000000 00:00 0 
7f4c4f620000-7f4c4f621000 ---p 00000000 00:00 0 
7f4c4f621000-7f4c4f722000 rw-p 00000000 00:00 0 
7f4c4f722000-7f4c4f726000 ---p 00000000 00:00 0 
7f4c4f726000-7f4c4f823000 rw-p 00000000 00:00 0 
7f4c4f823000-7f4c4f827000 ---p 00000000 00:00 0 
7f4c4f827000-7f4c4f924000 rw-p 00000000 00:00 0 
7f4c4f924000-7f4c4f928000 ---p 00000000 00:00 0 
7f4c4f928000-7f4c4fa25000 rw-p 00000000 00:00 0 
7f4c4fa25000-7f4c4fa29000 ---p 00000000 00:00 0 
7f4c4fa29000-7f4c4fb26000 rw-p 00000000 00:00 0 
7f4c4fb26000-7f4c4fd96000 rwxp 00000000 00:00 0 
7f4c4fd96000-7f4c500b5000 ---p 00000000 00:00 0 
7f4c500b5000-7f4c50535000 rwxp 00000000 00:00 0 
7f4c50535000-7f4c575ed000 ---p 00000000 00:00 0 
7f4c575ed000-7f4c5785d000 rwxp 00000000 00:00 0 
7f4c5785d000-7f4c5eb26000 ---p 00000000 00:00 0 
7f4c5eb26000-7f4c68000000 r--s 00000000 08:01 403806                     /usr/lib/jvm/java-11-openjdk-amd64/lib/modules
7f4c68000000-7f4c6958a000 rw-p 00000000 00:00 0 
7f4c6958a000-7f4c6c000000 ---p 00000000 00:00 0 
7f4c6c0af000-7f4c6c0b3000 ---p 00000000 00:00 0 
7f4c6c0b3000-7f4c6c1b0000 rw-p 00000000 00:00 0 
7f4c6c1b0000-7f4c6c48e000 r--p 00000000 08:01 786457                     /usr/lib/locale/locale-archive
7f4c6c48e000-7f4c6c492000 ---p 00000000 00:00 0 
7f4c6c492000-7f4c6c58f000 rw-p 00000000 00:00 0 
7f4c6c58f000-7f4c6c593000 ---p 00000000 00:00 0 
7f4c6c593000-7f4c6c690000 rw-p 00000000 00:00 0 
7f4c6c690000-7f4c6c691000 ---p 00000000 00:00 0 
7f4c6c691000-7f4c6d008000 rw-p 00000000 00:00 0 
7f4c6d008000-7f4c6d047000 rw-p 00000000 00:00 0 
7f4c6d047000-7f4c6d2b3000 ---p 00000000 00:00 0 
7f4c6d2b3000-7f4c6d2ba000 rw-p 00000000 00:00 0 
7f4c6d2ba000-7f4c6d408000 ---p 00000000 00:00 0 
7f4c6d408000-7f4c6d448000 rw-p 00000000 00:00 0 
7f4c6d448000-7f4c6d6b3000 ---p 00000000 00:00 0 
7f4c6d6b3000-7f4c6d6b9000 rw-p 00000000 00:00 0 
7f4c6d6b9000-7f4c6d79f000 ---p 00000000 00:00 0 
7f4c6d79f000-7f4c6d7a8000 rw-p 00000000 00:00 0 
7f4c6d7a8000-7f4c6d88a000 ---p 00000000 00:00 0 
7f4c6d88a000-7f4c6d88f000 r-xp 00000000 08:01 403788                     /usr/lib/jvm/java-11-openjdk-amd64/lib/libjimage.so
7f4c6d88f000-7f4c6da8e000 ---p 00005000 08:01 403788                     /usr/lib/jvm/java-11-openjdk-amd64/lib/libjimage.so
7f4c6da8e000-7f4c6da8f000 r--p 00004000 08:01 403788                     /usr/lib/jvm/java-11-openjdk-amd64/lib/libjimage.so
7f4c6da8f000-7f4c6da90000 rw-p 00005000 08:01 403788                     /usr/lib/jvm/java-11-openjdk-amd64/lib/libjimage.so
7f4c6da90000-7f4c6da97000 r-xp 00000000 08:01 403805                     /usr/lib/jvm/java-11-openjdk-amd64/lib/libzip.so
7f4c6da97000-7f4c6dc96000 ---p 00007000 08:01 403805                     /usr/lib/jvm/java-11-openjdk-amd64/lib/libzip.so
7f4c6dc96000-7f4c6dc97000 r--p 00006000 08:01 403805                     /usr/lib/jvm/java-11-openjdk-amd64/lib/libzip.so
7f4c6dc97000-7f4c6dc98000 rw-p 00007000 08:01 403805                     /usr/lib/jvm/java-11-openjdk-amd64/lib/libzip.so
7f4c6dc98000-7f4c6dca3000 r-xp 00000000 08:01 131107                     /lib/x86_64-linux-gnu/libnss_files-2.27.so
7f4c6dca3000-7f4c6dea2000 ---p 0000b000 08:01 131107                     /lib/x86_64-linux-gnu/libnss_files-2.27.so
7f4c6dea2000-7f4c6dea3000 r--p 0000a000 08:01 131107                     /lib/x86_64-linux-gnu/libnss_files-2.27.so
7f4c6dea3000-7f4c6dea4000 rw-p 0000b000 08:01 131107                     /lib/x86_64-linux-gnu/libnss_files-2.27.so
7f4c6dea4000-7f4c6deaa000 rw-p 00000000 00:00 0 
7f4c6deaa000-7f4c6dec1000 r-xp 00000000 08:01 131104                     /lib/x86_64-linux-gnu/libnsl-2.27.so
7f4c6dec1000-7f4c6e0c0000 ---p 00017000 08:01 131104                     /lib/x86_64-linux-gnu/libnsl-2.27.so
7f4c6e0c0000-7f4c6e0c1000 r--p 00016000 08:01 131104                     /lib/x86_64-linux-gnu/libnsl-2.27.so
7f4c6e0c1000-7f4c6e0c2000 rw-p 00017000 08:01 131104                     /lib/x86_64-linux-gnu/libnsl-2.27.so
7f4c6e0c2000-7f4c6e0c4000 rw-p 00000000 00:00 0 
7f4c6e0c4000-7f4c6e0cf000 r-xp 00000000 08:01 131109                     /lib/x86_64-linux-gnu/libnss_nis-2.27.so
7f4c6e0cf000-7f4c6e2ce000 ---p 0000b000 08:01 131109                     /lib/x86_64-linux-gnu/libnss_nis-2.27.so
7f4c6e2ce000-7f4c6e2cf000 r--p 0000a000 08:01 131109                     /lib/x86_64-linux-gnu/libnss_nis-2.27.so
7f4c6e2cf000-7f4c6e2d0000 rw-p 0000b000 08:01 131109                     /lib/x86_64-linux-gnu/libnss_nis-2.27.so
7f4c6e2d0000-7f4c6e2d8000 r-xp 00000000 08:01 131105                     /lib/x86_64-linux-gnu/libnss_compat-2.27.so
7f4c6e2d8000-7f4c6e4d8000 ---p 00008000 08:01 131105                     /lib/x86_64-linux-gnu/libnss_compat-2.27.so
7f4c6e4d8000-7f4c6e4d9000 r--p 00008000 08:01 131105                     /lib/x86_64-linux-gnu/libnss_compat-2.27.so
7f4c6e4d9000-7f4c6e4da000 rw-p 00009000 08:01 131105                     /lib/x86_64-linux-gnu/libnss_compat-2.27.so
7f4c6e4da000-7f4c6e506000 r-xp 00000000 08:01 403784                     /usr/lib/jvm/java-11-openjdk-amd64/lib/libjava.so
7f4c6e506000-7f4c6e705000 ---p 0002c000 08:01 403784                     /usr/lib/jvm/java-11-openjdk-amd64/lib/libjava.so
7f4c6e705000-7f4c6e706000 r--p 0002b000 08:01 403784                     /usr/lib/jvm/java-11-openjdk-amd64/lib/libjava.so
7f4c6e706000-7f4c6e708000 rw-p 0002c000 08:01 403784                     /usr/lib/jvm/java-11-openjdk-amd64/lib/libjava.so
7f4c6e708000-7f4c6e715000 r-xp 00000000 08:01 403804                     /usr/lib/jvm/java-11-openjdk-amd64/lib/libverify.so
7f4c6e715000-7f4c6e914000 ---p 0000d000 08:01 403804                     /usr/lib/jvm/java-11-openjdk-amd64/lib/libverify.so
7f4c6e914000-7f4c6e916000 r--p 0000c000 08:01 403804                     /usr/lib/jvm/java-11-openjdk-amd64/lib/libverify.so
7f4c6e916000-7f4c6e917000 rw-p 0000e000 08:01 403804                     /usr/lib/jvm/java-11-openjdk-amd64/lib/libverify.so
7f4c6e917000-7f4c6e91e000 r-xp 00000000 08:01 131114                     /lib/x86_64-linux-gnu/librt-2.27.so
7f4c6e91e000-7f4c6eb1d000 ---p 00007000 08:01 131114                     /lib/x86_64-linux-gnu/librt-2.27.so
7f4c6eb1d000-7f4c6eb1e000 r--p 00006000 08:01 131114                     /lib/x86_64-linux-gnu/librt-2.27.so
7f4c6eb1e000-7f4c6eb1f000 rw-p 00007000 08:01 131114                     /lib/x86_64-linux-gnu/librt-2.27.so
7f4c6eb1f000-7f4c6eb36000 r-xp 00000000 08:01 131136                     /lib/x86_64-linux-gnu/libgcc_s.so.1
7f4c6eb36000-7f4c6ed35000 ---p 00017000 08:01 131136                     /lib/x86_64-linux-gnu/libgcc_s.so.1
7f4c6ed35000-7f4c6ed36000 r--p 00016000 08:01 131136                     /lib/x86_64-linux-gnu/libgcc_s.so.1
7f4c6ed36000-7f4c6ed37000 rw-p 00017000 08:01 131136                     /lib/x86_64-linux-gnu/libgcc_s.so.1
7f4c6ed37000-7f4c6eed4000 r-xp 00000000 08:01 131101                     /lib/x86_64-linux-gnu/libm-2.27.so
7f4c6eed4000-7f4c6f0d3000 ---p 0019d000 08:01 131101                     /lib/x86_64-linux-gnu/libm-2.27.so
7f4c6f0d3000-7f4c6f0d4000 r--p 0019c000 08:01 131101                     /lib/x86_64-linux-gnu/libm-2.27.so
7f4c6f0d4000-7f4c6f0d5000 rw-p 0019d000 08:01 131101                     /lib/x86_64-linux-gnu/libm-2.27.so
7f4c6f0d5000-7f4c6f253000 r-xp 00000000 08:01 792314                     /usr/lib/x86_64-linux-gnu/libstdc++.so.6.0.25
7f4c6f253000-7f4c6f453000 ---p 0017e000 08:01 792314                     /usr/lib/x86_64-linux-gnu/libstdc++.so.6.0.25
7f4c6f453000-7f4c6f45d000 r--p 0017e000 08:01 792314                     /usr/lib/x86_64-linux-gnu/libstdc++.so.6.0.25
7f4c6f45d000-7f4c6f45f000 rw-p 00188000 08:01 792314                     /usr/lib/x86_64-linux-gnu/libstdc++.so.6.0.25
7f4c6f45f000-7f4c6f463000 rw-p 00000000 00:00 0 
7f4c6f463000-7f4c70400000 r-xp 00000000 08:01 403811                     /usr/lib/jvm/java-11-openjdk-amd64/lib/server/libjvm.so
7f4c70400000-7f4c70600000 ---p 00f9d000 08:01 403811                     /usr/lib/jvm/java-11-openjdk-amd64/lib/server/libjvm.so
7f4c70600000-7f4c706c4000 r--p 00f9d000 08:01 403811                     /usr/lib/jvm/java-11-openjdk-amd64/lib/server/libjvm.so
7f4c706c4000-7f4c706fc000 rw-p 01061000 08:01 403811                     /usr/lib/jvm/java-11-openjdk-amd64/lib/server/libjvm.so
7f4c706fc000-7f4c70745000 rw-p 00000000 00:00 0 
7f4c70745000-7f4c7075f000 r-xp 00000000 08:01 131112                     /lib/x86_64-linux-gnu/libpthread-2.27.so
7f4c7075f000-7f4c7095e000 ---p 0001a000 08:01 131112                     /lib/x86_64-linux-gnu/libpthread-2.27.so
7f4c7095e000-7f4c7095f000 r--p 00019000 08:01 131112                     /lib/x86_64-linux-gnu/libpthread-2.27.so
7f4c7095f000-7f4c70960000 rw-p 0001a000 08:01 131112                     /lib/x86_64-linux-gnu/libpthread-2.27.so
7f4c70960000-7f4c70964000 rw-p 00000000 00:00 0 
7f4c70964000-7f4c70967000 r-xp 00000000 08:01 131100                     /lib/x86_64-linux-gnu/libdl-2.27.so
7f4c70967000-7f4c70b66000 ---p 00003000 08:01 131100                     /lib/x86_64-linux-gnu/libdl-2.27.so
7f4c70b66000-7f4c70b67000 r--p 00002000 08:01 131100                     /lib/x86_64-linux-gnu/libdl-2.27.so
7f4c70b67000-7f4c70b68000 rw-p 00003000 08:01 131100                     /lib/x86_64-linux-gnu/libdl-2.27.so
7f4c70b68000-7f4c70b84000 r-xp 00000000 08:01 131240                     /lib/x86_64-linux-gnu/libz.so.1.2.11
7f4c70b84000-7f4c70d83000 ---p 0001c000 08:01 131240                     /lib/x86_64-linux-gnu/libz.so.1.2.11
7f4c70d83000-7f4c70d84000 r--p 0001b000 08:01 131240                     /lib/x86_64-linux-gnu/libz.so.1.2.11
7f4c70d84000-7f4c70d85000 rw-p 0001c000 08:01 131240                     /lib/x86_64-linux-gnu/libz.so.1.2.11
7f4c70d85000-7f4c70f6c000 r-xp 00000000 08:01 131097                     /lib/x86_64-linux-gnu/libc-2.27.so
7f4c70f6c000-7f4c7116c000 ---p 001e7000 08:01 131097                     /lib/x86_64-linux-gnu/libc-2.27.so
7f4c7116c000-7f4c71170000 r--p 001e7000 08:01 131097                     /lib/x86_64-linux-gnu/libc-2.27.so
7f4c71170000-7f4c71172000 rw-p 001eb000 08:01 131097                     /lib/x86_64-linux-gnu/libc-2.27.so
7f4c71172000-7f4c71176000 rw-p 00000000 00:00 0 
7f4c71176000-7f4c71185000 r-xp 00000000 08:01 403769                     /usr/lib/jvm/java-11-openjdk-amd64/lib/jli/libjli.so
7f4c71185000-7f4c71384000 ---p 0000f000 08:01 403769                     /usr/lib/jvm/java-11-openjdk-amd64/lib/jli/libjli.so
7f4c71384000-7f4c71385000 r--p 0000e000 08:01 403769                     /usr/lib/jvm/java-11-openjdk-amd64/lib/jli/libjli.so
7f4c71385000-7f4c71386000 rw-p 0000f000 08:01 403769                     /usr/lib/jvm/java-11-openjdk-amd64/lib/jli/libjli.so
7f4c71386000-7f4c713ad000 r-xp 00000000 08:01 131088                     /lib/x86_64-linux-gnu/ld-2.27.so
7f4c713b5000-7f4c713b9000 ---p 00000000 00:00 0 
7f4c713b9000-7f4c71490000 rw-p 00000000 00:00 0 
7f4c71490000-7f4c71497000 ---p 00000000 00:00 0 
7f4c71497000-7f4c7149b000 ---p 00000000 00:00 0 
7f4c7149b000-7f4c7159a000 rw-p 00000000 00:00 0 
7f4c715a1000-7f4c715a9000 rw-s 00000000 08:01 422491                     /tmp/hsperfdata_nets212/20584
7f4c715a9000-7f4c715aa000 ---p 00000000 00:00 0 
7f4c715aa000-7f4c715ab000 r--p 00000000 00:00 0 
7f4c715ab000-7f4c715ad000 rw-p 00000000 00:00 0 
7f4c715ad000-7f4c715ae000 r--p 00027000 08:01 131088                     /lib/x86_64-linux-gnu/ld-2.27.so
7f4c715ae000-7f4c715af000 rw-p 00028000 08:01 131088                     /lib/x86_64-linux-gnu/ld-2.27.so
7f4c715af000-7f4c715b0000 rw-p 00000000 00:00 0 
7ffdd6c9a000-7ffdd6cbc000 rw-p 00000000 00:00 0                          [stack]
7ffdd6ce7000-7ffdd6cea000 r--p 00000000 00:00 0                          [vvar]
7ffdd6cea000-7ffdd6cec000 r-xp 00000000 00:00 0                          [vdso]
ffffffffff600000-ffffffffff601000 r-xp 00000000 00:00 0                  [vsyscall]


VM Arguments:
jvm_args: -Dproc_jar -Djava.net.preferIPv4Stack=true -Dyarn.log.dir=/usr/local/hadoop/logs -Dyarn.log.file=hadoop.log -Dyarn.home.dir=/usr/local/hadoop -Dyarn.root.logger=INFO,console -Djava.library.path=/usr/local/hadoop/lib/native -Dhadoop.log.dir=/usr/local/hadoop/logs -Dhadoop.log.file=hadoop.log -Dhadoop.home.dir=/usr/local/hadoop -Dhadoop.id.str=nets212 -Dhadoop.root.logger=INFO,console -Dhadoop.policy.file=hadoop-policy.xml -Dhadoop.security.logger=INFO,NullAppender -Xmx2048m 
java_command: org.apache.hadoop.util.RunJar adsorption.jar edu.upenn.nets212.hw3.AdsorptionDriver composite input output iterm1 interm2 diffDir 1
java_class_path (initial): /usr/local/hadoop/etc/hadoop:/usr/local/hadoop/share/hadoop/common/lib/jcip-annotations-1.0-1.jar:/usr/local/hadoop/share/hadoop/common/lib/curator-client-2.12.0.jar:/usr/local/hadoop/share/hadoop/common/lib/jaxb-impl-2.2.3-1.jar:/usr/local/hadoop/share/hadoop/common/lib/kerby-pkix-1.0.1.jar:/usr/local/hadoop/share/hadoop/common/lib/kerb-identity-1.0.1.jar:/usr/local/hadoop/share/hadoop/common/lib/commons-collections-3.2.2.jar:/usr/local/hadoop/share/hadoop/common/lib/jackson-xc-1.9.13.jar:/usr/local/hadoop/share/hadoop/common/lib/woodstox-core-5.0.3.jar:/usr/local/hadoop/share/hadoop/common/lib/jetty-xml-9.3.19.v20170502.jar:/usr/local/hadoop/share/hadoop/common/lib/avro-1.7.7.jar:/usr/local/hadoop/share/hadoop/common/lib/jetty-servlet-9.3.19.v20170502.jar:/usr/local/hadoop/share/hadoop/common/lib/json-smart-2.3.jar:/usr/local/hadoop/share/hadoop/common/lib/jackson-annotations-2.7.8.jar:/usr/local/hadoop/share/hadoop/common/lib/jersey-servlet-1.19.jar:/usr/local/hadoop/share/hadoop/common/lib/kerby-util-1.0.1.jar:/usr/local/hadoop/share/hadoop/common/lib/asm-5.0.4.jar:/usr/local/hadoop/share/hadoop/common/lib/nimbus-jose-jwt-4.41.1.jar:/usr/local/hadoop/share/hadoop/common/lib/jetty-http-9.3.19.v20170502.jar:/usr/local/hadoop/share/hadoop/common/lib/guava-11.0.2.jar:/usr/local/hadoop/share/hadoop/common/lib/protobuf-java-2.5.0.jar:/usr/local/hadoop/share/hadoop/common/lib/commons-configuration2-2.1.1.jar:/usr/local/hadoop/share/hadoop/common/lib/httpcore-4.4.4.jar:/usr/local/hadoop/share/hadoop/common/lib/jaxb-api-2.2.11.jar:/usr/local/hadoop/share/hadoop/common/lib/jetty-io-9.3.19.v20170502.jar:/usr/local/hadoop/share/hadoop/common/lib/curator-framework-2.12.0.jar:/usr/local/hadoop/share/hadoop/common/lib/jackson-databind-2.7.8.jar:/usr/local/hadoop/share/hadoop/common/lib/hadoop-auth-3.1.1.jar:/usr/local/hadoop/share/hadoop/common/lib/stax2-api-3.1.4.jar:/usr/local/hadoop/share/hadoop/common/lib/jetty-security-9.3.19.v20170502.jar:/us
Launcher Type: SUN_STANDARD

Logging:
Log output configuration:
#0: stdout all=warning uptime,level,tags
#1: stderr all=off uptime,level,tags

Environment Variables:
JAVA_HOME=/usr/
_JAVA_OPTIONS=-Xmx2048m
CLASSPATH=/usr/local/hadoop/etc/hadoop:/usr/local/hadoop/share/hadoop/common/lib/*:/usr/local/hadoop/share/hadoop/common/*:/usr/local/hadoop/share/hadoop/hdfs:/usr/local/hadoop/share/hadoop/hdfs/lib/*:/usr/local/hadoop/share/hadoop/hdfs/*:/usr/local/hadoop/share/hadoop/mapreduce/lib/*:/usr/local/hadoop/share/hadoop/mapreduce/*:/usr/local/hadoop/share/hadoop/yarn:/usr/local/hadoop/share/hadoop/yarn/lib/*:/usr/local/hadoop/share/hadoop/yarn/*
PATH=/usr/local/sbin:/usr/local/bin:/usr/sbin:/usr/bin:/sbin:/bin:/usr/games:/usr/local/games:/usr/local/hadoop/bin
USERNAME=nets212
SHELL=/bin/bash
DISPLAY=:1

Signal Handlers:
SIGSEGV: [libjvm.so+0xd28ad0], sa_mask[0]=11111111011111111101111111111110, sa_flags=SA_RESTART|SA_SIGINFO
SIGBUS: [libjvm.so+0xd28ad0], sa_mask[0]=11111111011111111101111111111110, sa_flags=SA_RESTART|SA_SIGINFO
SIGFPE: [libjvm.so+0xd28ad0], sa_mask[0]=11111111011111111101111111111110, sa_flags=SA_RESTART|SA_SIGINFO
SIGPIPE: [libjvm.so+0xb2a150], sa_mask[0]=11111111011111111101111111111110, sa_flags=SA_RESTART|SA_SIGINFO
SIGXFSZ: [libjvm.so+0xb2a150], sa_mask[0]=11111111011111111101111111111110, sa_flags=SA_RESTART|SA_SIGINFO
SIGILL: [libjvm.so+0xd28ad0], sa_mask[0]=11111111011111111101111111111110, sa_flags=SA_RESTART|SA_SIGINFO
SIGUSR2: [libjvm.so+0xb29f90], sa_mask[0]=00000000000000000000000000000000, sa_flags=SA_RESTART|SA_SIGINFO
SIGHUP: [libjvm.so+0xb2a0e0], sa_mask[0]=11111111011111111101111111111110, sa_flags=SA_RESTART|SA_SIGINFO
SIGINT: [libjvm.so+0xb2a0e0], sa_mask[0]=11111111011111111101111111111110, sa_flags=SA_RESTART|SA_SIGINFO
SIGTERM: [libjvm.so+0xb2a0e0], sa_mask[0]=11111111011111111101111111111110, sa_flags=SA_RESTART|SA_SIGINFO
SIGQUIT: [libjvm.so+0xb2a0e0], sa_mask[0]=11111111011111111101111111111110, sa_flags=SA_RESTART|SA_SIGINFO


---------------  S Y S T E M  ---------------

OS:DISTRIB_ID=Ubuntu
DISTRIB_RELEASE=18.04
DISTRIB_CODENAME=bionic
DISTRIB_DESCRIPTION="Ubuntu 18.04.1 LTS"
uname:Linux 4.15.0-33-generic #36-Ubuntu SMP Wed Aug 15 16:00:05 UTC 2018 x86_64
libc:glibc 2.27 NPTL 2.27 
rlimit: STACK 8192k, CORE 0k, NPROC 7658, NOFILE 4096, AS infinity, DATA infinity, FSIZE infinity
load average:1.26 0.49 0.49

/proc/meminfo:
MemTotal:        2017288 kB
MemFree:           65160 kB
MemAvailable:      16468 kB
Buffers:             788 kB
Cached:           151580 kB
SwapCached:        10468 kB
Active:           492552 kB
Inactive:         498740 kB
Active(anon):     485596 kB
Inactive(anon):   485748 kB
Active(file):       6956 kB
Inactive(file):    12992 kB
Unevictable:          48 kB
Mlocked:              48 kB
SwapTotal:        969960 kB
SwapFree:              0 kB
Dirty:                32 kB
Writeback:             4 kB
AnonPages:        830420 kB
Mapped:            19852 kB
Shmem:            132360 kB
Slab:             120332 kB
SReclaimable:      32996 kB
SUnreclaim:        87336 kB
KernelStack:       12768 kB
PageTables:        50716 kB
NFS_Unstable:          0 kB
Bounce:                0 kB
WritebackTmp:          0 kB
CommitLimit:     1978604 kB
Committed_AS:   12342540 kB
VmallocTotal:   34359738367 kB
VmallocUsed:           0 kB
VmallocChunk:          0 kB
HardwareCorrupted:     0 kB
AnonHugePages:         0 kB
ShmemHugePages:        0 kB
ShmemPmdMapped:        0 kB
CmaTotal:              0 kB
CmaFree:               0 kB
HugePages_Total:       0
HugePages_Free:        0
HugePages_Rsvd:        0
HugePages_Surp:        0
Hugepagesize:       2048 kB
DirectMap4k:      612224 kB
DirectMap2M:     1484800 kB
DirectMap1G:           0 kB

container (cgroup) information:
container_type: cgroupv1
cpu_cpuset_cpus: 0
cpu_memory_nodes: 0
active_processor_count: 1
cpu_quota: -1
cpu_period: 100000
cpu_shares: -1
memory_limit_in_bytes: -1
memory_and_swap_limit_in_bytes: -2
memory_soft_limit_in_bytes: -1
memory_usage_in_bytes: 1007726592
memory_max_usage_in_bytes: 705409024


CPU:total 1 (initial active 1) (1 cores per cpu, 1 threads per core) family 6 model 61 stepping 4, cmov, cx8, fxsr, mmx, sse, sse2, sse3, ssse3, sse4.1, sse4.2, popcnt, avx, avx2, aes, clmul, erms, rtm, 3dnowpref, lzcnt, tsc, tscinvbit, bmi1, bmi2, adx, fma
CPU Model and flags from /proc/cpuinfo:
model name	: Intel(R) Core(TM) i5-5350U CPU @ 1.80GHz
flags		: fpu vme de pse tsc msr pae mce cx8 apic sep mtrr pge mca cmov pat pse36 clflush mmx fxsr sse sse2 ss syscall nx pdpe1gb rdtscp lm constant_tsc arch_perfmon nopl xtopology tsc_reliable nonstop_tsc cpuid pni pclmulqdq ssse3 fma cx16 pcid sse4_1 sse4_2 x2apic movbe popcnt tsc_deadline_timer aes xsave avx f16c rdrand hypervisor lahf_lm abm 3dnowprefetch cpuid_fault invpcid_single pti ibrs ibpb stibp fsgsbase tsc_adjust bmi1 hle avx2 smep bmi2 invpcid rtm rdseed adx smap xsaveopt arat

Memory: 4k page, physical 2017288k(65160k free), swap 969960k(0k free)

vm_info: OpenJDK 64-Bit Server VM (10.0.2+13-Ubuntu-1ubuntu0.18.04.1) for linux-amd64 JRE (10.0.2+13-Ubuntu-1ubuntu0.18.04.1), built on Aug  3 2018 01:53:46 by "buildd" with gcc 7.3.0

END.
